  Using bundled DotNet SDK version: 6.0.302
  Running UnrealBuildTool: dotnet "..\..\Engine\Binaries\DotNET\UnrealBuildTool\UnrealBuildTool.dll" SimpleShooterEditor Win64 Development -Project="F:\Udemy Games I made\ShooterProject\SimpleShooter\SimpleShooter.uproject" -WaitMutex -FromMsBuild
  Log file: C:\Users\liamw\AppData\Local\UnrealBuildTool\Log.txt
  Creating makefile for SimpleShooterEditor (config setting changed)
  Parsing headers for SimpleShooterEditor
    Running Internal UnrealHeaderTool "F:\Udemy Games I made\ShooterProject\SimpleShooter\SimpleShooter.uproject" "F:\Udemy Games I made\ShooterProject\SimpleShooter\Intermediate\Build\Win64\SimpleShooterEditor\Development\SimpleShooterEditor.uhtmanifest" -WarningsAsErrors -installed
  Total of 0 written
  Reflection code generated for SimpleShooterEditor in 4.2462838 seconds
  Building SimpleShooterEditor...
  Using Visual Studio 2022 14.34.31946 toolchain (C:\Program Files\Microsoft Visual Studio\2022\Community\VC\Tools\MSVC\14.34.31933) and Windows 10.0.22621.0 SDK (C:\Program Files (x86)\Windows Kits\10).
  [Upgrade]
  [Upgrade] Using backward-compatible include order. The latest version of UE has changed the order of includes, which may require code changes. The current setting is:
  [Upgrade]     IncludeOrderVersion = EngineIncludeOrderVersion.Unreal5_0
  [Upgrade] Suppress this message by setting 'IncludeOrderVersion = EngineIncludeOrderVersion.Unreal5_2;' in SimpleShooterEditor.Target.cs.
  [Upgrade] Alternatively you can set this to 'EngineIncludeOrderVersion.Latest' to always use the latest include order. This will potentially cause compile errors when integrating new versions of the engine.
  [Upgrade]
  Determining max actions to execute in parallel (8 physical cores, 8 logical cores)
    Executing up to 8 processes, one per physical core
  Building 29 actions with 8 processes...
  [1/29] Resource Default.rc2
  [2/29] Compile [x64] SharedPCH.Engine.ShadowErrors.InclOrderUnreal5_0.cpp
  [3/29] Compile [x64] ShooterGameMode.cpp
  [4/29] Compile [x64] SimpleShooter.cpp
  [5/29] Compile [x64] MyCharacter.gen.cpp
  [6/29] Compile [x64] MyCharacter.cpp
  [7/29] Compile [x64] BTService_PlayerLocationIfSeen.gen.cpp
  [8/29] Compile [x64] MasterGun.gen.cpp
  [9/29] Compile [x64] MyPawn.cpp
  [10/29] Compile [x64] BTTask_Shoot.gen.cpp
  [11/29] Compile [x64] KillThemAllGameMode.cpp
  [12/29] Compile [x64] BTService_playerLocation.cpp
  [13/29] Compile [x64] SimpleShooter.init.gen.cpp
  [14/29] Compile [x64] ShooterAIController.gen.cpp
  [15/29] Compile [x64] ShooterGameMode.gen.cpp
  [16/29] Compile [x64] KillThemAllGameMode.gen.cpp
  [17/29] Compile [x64] MyPawn.gen.cpp
  [18/29] Compile [x64] BTService_playerLocation.gen.cpp
  [19/29] Compile [x64] MasterGun.cpp
  [20/29] Compile [x64] BTTask_ClearBlackBoardValue.gen.cpp
  [21/29] Compile [x64] ShooterAIController.cpp
  [22/29] Compile [x64] MyPlayerController.gen.cpp
  [23/29] Compile [x64] BTTask_ClearBlackBoardValue.cpp
  [24/29] Compile [x64] BTTask_Shoot.cpp
  [25/29] Compile [x64] BTService_PlayerLocationIfSeen.cpp
  [26/29] Compile [x64] MyPlayerController.cpp
F:\Udemy Games I made\ShooterProject\SimpleShooter\Source\SimpleShooter\MyPlayerController.cpp(22): warning C4996: 'UUserWidget::RemoveFromViewport': RemoveFromViewport is deprecated. Use RemoveFromParent instead. Please update your code to the new API before upgrading to the next release, otherwise your project will no longer compile.
  [27/29] Link [x64] UnrealEditor-SimpleShooter-0001.lib
     Creating library F:\Udemy Games I made\ShooterProject\SimpleShooter\Intermediate\Build\Win64\x64\UnrealEditor\Development\SimpleShooter\UnrealEditor-SimpleShooter-0001.lib and object F:\Udemy Games I made\ShooterProject\SimpleShooter\Intermediate\Build\Win64\x64\UnrealEditor\Development\SimpleShooter\UnrealEditor-SimpleShooter-0001.exp
  [28/29] Link [x64] UnrealEditor-SimpleShooter-0001.dll
     Creating library F:\Udemy Games I made\ShooterProject\SimpleShooter\Intermediate\Build\Win64\x64\UnrealEditor\Development\SimpleShooter\UnrealEditor-SimpleShooter-0001.suppressed.lib and object F:\Udemy Games I made\ShooterProject\SimpleShooter\Intermediate\Build\Win64\x64\UnrealEditor\Development\SimpleShooter\UnrealEditor-SimpleShooter-0001.suppressed.exp
  [29/29] WriteMetadata SimpleShooterEditor.target
  Total time in Parallel executor: 33.43 seconds
  Total execution time: 42.41 seconds
